<?xml version="1.0" encoding="UTF-8"?>
<testng-results ignored="0" total="1" passed="1" failed="0" skipped="0">
  <reporter-output>
  </reporter-output>
  <suite started-at="2023-07-11T10:18:45 IST" name="Default suite" finished-at="2023-07-11T10:19:46 IST" duration-ms="61465">
    <groups>
    </groups>
    <test started-at="2023-07-11T10:18:45 IST" name="Default test" finished-at="2023-07-11T10:19:46 IST" duration-ms="61465">
      <class name="orangehrm.testcases.OrangeHRMTestSuite">
        <test-method is-config="true" signature="launchApp()[pri:0, instance:orangehrm.testcases.OrangeHRMTestSuite@446293d]" started-at="2023-07-11T10:18:40 IST" name="launchApp" finished-at="2023-07-11T10:18:45 IST" duration-ms="5420" status="PASS">
          <reporter-output>
          </reporter-output>
        </test-method> <!-- launchApp -->
        <test-method signature="checkOrangeHRM()[pri:0, instance:orangehrm.testcases.OrangeHRMTestSuite@446293d]" started-at="2023-07-11T10:18:45 IST" name="checkOrangeHRM" finished-at="2023-07-11T10:19:46 IST" duration-ms="61388" status="PASS">
          <reporter-output>
          </reporter-output>
        </test-method> <!-- checkOrangeHRM -->
        <test-method is-config="true" signature="closeApp()[pri:0, instance:orangehrm.testcases.OrangeHRMTestSuite@446293d]" started-at="2023-07-11T10:19:46 IST" name="closeApp" finished-at="2023-07-11T10:19:47 IST" duration-ms="876" status="PASS">
          <reporter-output>
          </reporter-output>
        </test-method> <!-- closeApp -->
      </class> <!-- orangehrm.testcases.OrangeHRMTestSuite -->
    </test> <!-- Default test -->
  </suite> <!-- Default suite -->
</testng-results>
